<?xml version="1.0" encoding="UTF-8"?>
<!-- Generated by org.testng.reporters.JUnitReportReporter -->
<testsuite hostname="DESKTOP-TA1OCB0" failures="0" tests="1" name="StepDefinition.TestRunner" time="119.403" errors="0" timestamp="2022-06-15T17:27:05 IST" skipped="0">
  <testcase classname="StepDefinition.TestRunner" name="runScenario" time="119.403"/>
  <system-out/>
</testsuite> <!-- StepDefinition.TestRunner -->
